This is pdfTeX, Version 3.1415926-2.4-1.40.13 (TeX Live 2012/Debian) (format=pdflatex 2012.10.31)  31 MAR 2013 20:24
entering extended mode
 restricted \write18 enabled.
 %&-line parsing enabled.
**dim2_Lektion1.tex
(./dim2_Lektion1.tex
LaTeX2e <2011/06/27>
Babel <v3.8m> and hyphenation patterns for english, dumylang, nohyphenation, lo
aded.
(/usr/share/texlive/texmf-dist/tex/latex/base/article.cls
Document Class: article 2007/10/19 v1.4h Standard LaTeX document class
(/usr/share/texlive/texmf-dist/tex/latex/base/size10.clo
File: size10.clo 2007/10/19 v1.4h Standard LaTeX file (size option)
)
\c@part=\count79
\c@section=\count80
\c@subsection=\count81
\c@subsubsection=\count82
\c@paragraph=\count83
\c@subparagraph=\count84
\c@figure=\count85
\c@table=\count86
\abovecaptionskip=\skip41
\belowcaptionskip=\skip42
\bibindent=\dimen102
)
(/usr/share/texlive/texmf-dist/tex/latex/base/inputenc.sty
Package: inputenc 2008/03/30 v1.1d Input encoding file
\inpenc@prehook=\toks14
\inpenc@posthook=\toks15

(/usr/share/texlive/texmf-dist/tex/latex/base/utf8.def
File: utf8.def 2008/04/05 v1.1m UTF-8 support for inputenc
Now handling font encoding OML ...
... no UTF-8 mapping file for font encoding OML
Now handling font encoding T1 ...
... processing UTF-8 mapping file for font encoding T1

(/usr/share/texlive/texmf-dist/tex/latex/base/t1enc.dfu
File: t1enc.dfu 2008/04/05 v1.1m UTF-8 support for inputenc
   defining Unicode char U+00A1 (decimal 161)
   defining Unicode char U+00A3 (decimal 163)
   defining Unicode char U+00AB (decimal 171)
   defining Unicode char U+00BB (decimal 187)
   defining Unicode char U+00BF (decimal 191)
   defining Unicode char U+00C0 (decimal 192)
   defining Unicode char U+00C1 (decimal 193)
   defining Unicode char U+00C2 (decimal 194)
   defining Unicode char U+00C3 (decimal 195)
   defining Unicode char U+00C4 (decimal 196)
   defining Unicode char U+00C5 (decimal 197)
   defining Unicode char U+00C6 (decimal 198)
   defining Unicode char U+00C7 (decimal 199)
   defining Unicode char U+00C8 (decimal 200)
   defining Unicode char U+00C9 (decimal 201)
   defining Unicode char U+00CA (decimal 202)
   defining Unicode char U+00CB (decimal 203)
   defining Unicode char U+00CC (decimal 204)
   defining Unicode char U+00CD (decimal 205)
   defining Unicode char U+00CE (decimal 206)
   defining Unicode char U+00CF (decimal 207)
   defining Unicode char U+00D0 (decimal 208)
   defining Unicode char U+00D1 (decimal 209)
   defining Unicode char U+00D2 (decimal 210)
   defining Unicode char U+00D3 (decimal 211)
   defining Unicode char U+00D4 (decimal 212)
   defining Unicode char U+00D5 (decimal 213)
   defining Unicode char U+00D6 (decimal 214)
   defining Unicode char U+00D8 (decimal 216)
   defining Unicode char U+00D9 (decimal 217)
   defining Unicode char U+00DA (decimal 218)
   defining Unicode char U+00DB (decimal 219)
   defining Unicode char U+00DC (decimal 220)
   defining Unicode char U+00DD (decimal 221)
   defining Unicode char U+00DE (decimal 222)
   defining Unicode char U+00DF (decimal 223)
   defining Unicode char U+00E0 (decimal 224)
   defining Unicode char U+00E1 (decimal 225)
   defining Unicode char U+00E2 (decimal 226)
   defining Unicode char U+00E3 (decimal 227)
   defining Unicode char U+00E4 (decimal 228)
   defining Unicode char U+00E5 (decimal 229)
   defining Unicode char U+00E6 (decimal 230)
   defining Unicode char U+00E7 (decimal 231)
   defining Unicode char U+00E8 (decimal 232)
   defining Unicode char U+00E9 (decimal 233)
   defining Unicode char U+00EA (decimal 234)
   defining Unicode char U+00EB (decimal 235)
   defining Unicode char U+00EC (decimal 236)
   defining Unicode char U+00ED (decimal 237)
   defining Unicode char U+00EE (decimal 238)
   defining Unicode char U+00EF (decimal 239)
   defining Unicode char U+00F0 (decimal 240)
   defining Unicode char U+00F1 (decimal 241)
   defining Unicode char U+00F2 (decimal 242)
   defining Unicode char U+00F3 (decimal 243)
   defining Unicode char U+00F4 (decimal 244)
   defining Unicode char U+00F5 (decimal 245)
   defining Unicode char U+00F6 (decimal 246)
   defining Unicode char U+00F8 (decimal 248)
   defining Unicode char U+00F9 (decimal 249)
   defining Unicode char U+00FA (decimal 250)
   defining Unicode char U+00FB (decimal 251)
   defining Unicode char U+00FC (decimal 252)
   defining Unicode char U+00FD (decimal 253)
   defining Unicode char U+00FE (decimal 254)
   defining Unicode char U+00FF (decimal 255)
   defining Unicode char U+0102 (decimal 258)
   defining Unicode char U+0103 (decimal 259)
   defining Unicode char U+0104 (decimal 260)
   defining Unicode char U+0105 (decimal 261)
   defining Unicode char U+0106 (decimal 262)
   defining Unicode char U+0107 (decimal 263)
   defining Unicode char U+010C (decimal 268)
   defining Unicode char U+010D (decimal 269)
   defining Unicode char U+010E (decimal 270)
   defining Unicode char U+010F (decimal 271)
   defining Unicode char U+0110 (decimal 272)
   defining Unicode char U+0111 (decimal 273)
   defining Unicode char U+0118 (decimal 280)
   defining Unicode char U+0119 (decimal 281)
   defining Unicode char U+011A (decimal 282)
   defining Unicode char U+011B (decimal 283)
   defining Unicode char U+011E (decimal 286)
   defining Unicode char U+011F (decimal 287)
   defining Unicode char U+0130 (decimal 304)
   defining Unicode char U+0131 (decimal 305)
   defining Unicode char U+0132 (decimal 306)
   defining Unicode char U+0133 (decimal 307)
   defining Unicode char U+0139 (decimal 313)
   defining Unicode char U+013A (decimal 314)
   defining Unicode char U+013D (decimal 317)
   defining Unicode char U+013E (decimal 318)
   defining Unicode char U+0141 (decimal 321)
   defining Unicode char U+0142 (decimal 322)
   defining Unicode char U+0143 (decimal 323)
   defining Unicode char U+0144 (decimal 324)
   defining Unicode char U+0147 (decimal 327)
   defining Unicode char U+0148 (decimal 328)
   defining Unicode char U+014A (decimal 330)
   defining Unicode char U+014B (decimal 331)
   defining Unicode char U+0150 (decimal 336)
   defining Unicode char U+0151 (decimal 337)
   defining Unicode char U+0152 (decimal 338)
   defining Unicode char U+0153 (decimal 339)
   defining Unicode char U+0154 (decimal 340)
   defining Unicode char U+0155 (decimal 341)
   defining Unicode char U+0158 (decimal 344)
   defining Unicode char U+0159 (decimal 345)
   defining Unicode char U+015A (decimal 346)
   defining Unicode char U+015B (decimal 347)
   defining Unicode char U+015E (decimal 350)
   defining Unicode char U+015F (decimal 351)
   defining Unicode char U+0160 (decimal 352)
   defining Unicode char U+0161 (decimal 353)
   defining Unicode char U+0162 (decimal 354)
   defining Unicode char U+0163 (decimal 355)
   defining Unicode char U+0164 (decimal 356)
   defining Unicode char U+0165 (decimal 357)
   defining Unicode char U+016E (decimal 366)
   defining Unicode char U+016F (decimal 367)
   defining Unicode char U+0170 (decimal 368)
   defining Unicode char U+0171 (decimal 369)
   defining Unicode char U+0178 (decimal 376)
   defining Unicode char U+0179 (decimal 377)
   defining Unicode char U+017A (decimal 378)
   defining Unicode char U+017B (decimal 379)
   defining Unicode char U+017C (decimal 380)
   defining Unicode char U+017D (decimal 381)
   defining Unicode char U+017E (decimal 382)
   defining Unicode char U+200C (decimal 8204)
   defining Unicode char U+2013 (decimal 8211)
   defining Unicode char U+2014 (decimal 8212)
   defining Unicode char U+2018 (decimal 8216)
   defining Unicode char U+2019 (decimal 8217)
   defining Unicode char U+201A (decimal 8218)
   defining Unicode char U+201C (decimal 8220)
   defining Unicode char U+201D (decimal 8221)
   defining Unicode char U+201E (decimal 8222)
   defining Unicode char U+2030 (decimal 8240)
   defining Unicode char U+2031 (decimal 8241)
   defining Unicode char U+2039 (decimal 8249)
   defining Unicode char U+203A (decimal 8250)
   defining Unicode char U+2423 (decimal 9251)
)
Now handling font encoding OT1 ...
... processing UTF-8 mapping file for font encoding OT1

(/usr/share/texlive/texmf-dist/tex/latex/base/ot1enc.dfu
File: ot1enc.dfu 2008/04/05 v1.1m UTF-8 support for inputenc
   defining Unicode char U+00A1 (decimal 161)
   defining Unicode char U+00A3 (decimal 163)
   defining Unicode char U+00B8 (decimal 184)
   defining Unicode char U+00BF (decimal 191)
   defining Unicode char U+00C5 (decimal 197)
   defining Unicode char U+00C6 (decimal 198)
   defining Unicode char U+00D8 (decimal 216)
   defining Unicode char U+00DF (decimal 223)
   defining Unicode char U+00E6 (decimal 230)
   defining Unicode char U+00EC (decimal 236)
   defining Unicode char U+00ED (decimal 237)
   defining Unicode char U+00EE (decimal 238)
   defining Unicode char U+00EF (decimal 239)
   defining Unicode char U+00F8 (decimal 248)
   defining Unicode char U+0131 (decimal 305)
   defining Unicode char U+0141 (decimal 321)
   defining Unicode char U+0142 (decimal 322)
   defining Unicode char U+0152 (decimal 338)
   defining Unicode char U+0153 (decimal 339)
   defining Unicode char U+2013 (decimal 8211)
   defining Unicode char U+2014 (decimal 8212)
   defining Unicode char U+2018 (decimal 8216)
   defining Unicode char U+2019 (decimal 8217)
   defining Unicode char U+201C (decimal 8220)
   defining Unicode char U+201D (decimal 8221)
)
Now handling font encoding OMS ...
... processing UTF-8 mapping file for font encoding OMS

(/usr/share/texlive/texmf-dist/tex/latex/base/omsenc.dfu
File: omsenc.dfu 2008/04/05 v1.1m UTF-8 support for inputenc
   defining Unicode char U+00A7 (decimal 167)
   defining Unicode char U+00B6 (decimal 182)
   defining Unicode char U+00B7 (decimal 183)
   defining Unicode char U+2020 (decimal 8224)
   defining Unicode char U+2021 (decimal 8225)
   defining Unicode char U+2022 (decimal 8226)
)
Now handling font encoding OMX ...
... no UTF-8 mapping file for font encoding OMX
Now handling font encoding U ...
... no UTF-8 mapping file for font encoding U
   defining Unicode char U+00A9 (decimal 169)
   defining Unicode char U+00AA (decimal 170)
   defining Unicode char U+00AE (decimal 174)
   defining Unicode char U+00BA (decimal 186)
   defining Unicode char U+02C6 (decimal 710)
   defining Unicode char U+02DC (decimal 732)
   defining Unicode char U+200C (decimal 8204)
   defining Unicode char U+2026 (decimal 8230)
   defining Unicode char U+2122 (decimal 8482)
   defining Unicode char U+2423 (decimal 9251)
))
(/usr/share/texlive/texmf-dist/tex/latex/amsmath/amsmath.sty
Package: amsmath 2000/07/18 v2.13 AMS math features
\@mathmargin=\skip43

For additional information on amsmath, use the `?' option.
(/usr/share/texlive/texmf-dist/tex/latex/amsmath/amstext.sty
Package: amstext 2000/06/29 v2.01

(/usr/share/texlive/texmf-dist/tex/latex/amsmath/amsgen.sty
File: amsgen.sty 1999/11/30 v2.0
\@emptytoks=\toks16
\ex@=\dimen103
))
(/usr/share/texlive/texmf-dist/tex/latex/amsmath/amsbsy.sty
Package: amsbsy 1999/11/29 v1.2d
\pmbraise@=\dimen104
)
(/usr/share/texlive/texmf-dist/tex/latex/amsmath/amsopn.sty
Package: amsopn 1999/12/14 v2.01 operator names
)
\inf@bad=\count87
LaTeX Info: Redefining \frac on input line 211.
\uproot@=\count88
\leftroot@=\count89
LaTeX Info: Redefining \overline on input line 307.
\classnum@=\count90
\DOTSCASE@=\count91
LaTeX Info: Redefining \ldots on input line 379.
LaTeX Info: Redefining \dots on input line 382.
LaTeX Info: Redefining \cdots on input line 467.
\Mathstrutbox@=\box26
\strutbox@=\box27
\big@size=\dimen105
LaTeX Font Info:    Redeclaring font encoding OML on input line 567.
LaTeX Font Info:    Redeclaring font encoding OMS on input line 568.
\macc@depth=\count92
\c@MaxMatrixCols=\count93
\dotsspace@=\muskip10
\c@parentequation=\count94
\dspbrk@lvl=\count95
\tag@help=\toks17
\row@=\count96
\column@=\count97
\maxfields@=\count98
\andhelp@=\toks18
\eqnshift@=\dimen106
\alignsep@=\dimen107
\tagshift@=\dimen108
\tagwidth@=\dimen109
\totwidth@=\dimen110
\lineht@=\dimen111
\@envbody=\toks19
\multlinegap=\skip44
\multlinetaggap=\skip45
\mathdisplay@stack=\toks20
LaTeX Info: Redefining \[ on input line 2666.
LaTeX Info: Redefining \] on input line 2667.
)
(/usr/share/texlive/texmf-dist/tex/latex/amsfonts/amsfonts.sty
Package: amsfonts 2009/06/22 v3.00 Basic AMSFonts support
\symAMSa=\mathgroup4
\symAMSb=\mathgroup5
LaTeX Font Info:    Overwriting math alphabet `\mathfrak' in version `bold'
(Font)                  U/euf/m/n --> U/euf/b/n on input line 96.
)
(/usr/share/texlive/texmf-dist/tex/latex/amsfonts/amssymb.sty
Package: amssymb 2009/06/22 v3.00
)
(/usr/share/texmf/tex/latex/pgf/frontendlayer/tikz.sty
(/usr/share/texmf/tex/latex/pgf/basiclayer/pgf.sty
(/usr/share/texmf/tex/latex/pgf/utilities/pgfrcs.sty
(/usr/share/texmf/tex/generic/pgf/utilities/pgfutil-common.tex
\pgfutil@everybye=\toks21
)
(/usr/share/texmf/tex/generic/pgf/utilities/pgfutil-latex.def
\pgfutil@abb=\box28

(/usr/share/texlive/texmf-dist/tex/latex/ms/everyshi.sty
Package: everyshi 2001/05/15 v3.00 EveryShipout Package (MS)
))
(/usr/share/texmf/tex/generic/pgf/utilities/pgfrcs.code.tex
Package: pgfrcs 2010/10/25 v2.10 (rcs-revision 1.24)
))
Package: pgf 2008/01/15 v2.10 (rcs-revision 1.12)

(/usr/share/texmf/tex/latex/pgf/basiclayer/pgfcore.sty
(/usr/share/texlive/texmf-dist/tex/latex/graphics/graphicx.sty
Package: graphicx 1999/02/16 v1.0f Enhanced LaTeX Graphics (DPC,SPQR)

(/usr/share/texlive/texmf-dist/tex/latex/graphics/keyval.sty
Package: keyval 1999/03/16 v1.13 key=value parser (DPC)
\KV@toks@=\toks22
)
(/usr/share/texlive/texmf-dist/tex/latex/graphics/graphics.sty
Package: graphics 2009/02/05 v1.0o Standard LaTeX Graphics (DPC,SPQR)

(/usr/share/texlive/texmf-dist/tex/latex/graphics/trig.sty
Package: trig 1999/03/16 v1.09 sin cos tan (DPC)
)
(/usr/share/texlive/texmf-dist/tex/latex/latexconfig/graphics.cfg
File: graphics.cfg 2010/04/23 v1.9 graphics configuration of TeX Live
)
Package graphics Info: Driver file: pdftex.def on input line 91.

(/usr/share/texlive/texmf-dist/tex/latex/pdftex-def/pdftex.def
File: pdftex.def 2011/05/27 v0.06d Graphics/color for pdfTeX

(/usr/share/texlive/texmf-dist/tex/generic/oberdiek/infwarerr.sty
Package: infwarerr 2010/04/08 v1.3 Providing info/warning/error messages (HO)
)
(/usr/share/texlive/texmf-dist/tex/generic/oberdiek/ltxcmds.sty
Package: ltxcmds 2011/11/09 v1.22 LaTeX kernel commands for general use (HO)
)
\Gread@gobject=\count99
))
\Gin@req@height=\dimen112
\Gin@req@width=\dimen113
)
(/usr/share/texmf/tex/latex/pgf/systemlayer/pgfsys.sty
(/usr/share/texmf/tex/generic/pgf/systemlayer/pgfsys.code.tex
Package: pgfsys 2010/06/30 v2.10 (rcs-revision 1.37)

(/usr/share/texmf/tex/generic/pgf/utilities/pgfkeys.code.tex
\pgfkeys@pathtoks=\toks23
\pgfkeys@temptoks=\toks24

(/usr/share/texmf/tex/generic/pgf/utilities/pgfkeysfiltered.code.tex
\pgfkeys@tmptoks=\toks25
))
\pgf@x=\dimen114
\pgf@y=\dimen115
\pgf@xa=\dimen116
\pgf@ya=\dimen117
\pgf@xb=\dimen118
\pgf@yb=\dimen119
\pgf@xc=\dimen120
\pgf@yc=\dimen121
\w@pgf@writea=\write3
\r@pgf@reada=\read1
\c@pgf@counta=\count100
\c@pgf@countb=\count101
\c@pgf@countc=\count102
\c@pgf@countd=\count103

(/usr/share/texmf/tex/generic/pgf/systemlayer/pgf.cfg
File: pgf.cfg 2008/05/14  (rcs-revision 1.7)
)
Package pgfsys Info: Driver file for pgf: pgfsys-pdftex.def on input line 900.

(/usr/share/texmf/tex/generic/pgf/systemlayer/pgfsys-pdftex.def
File: pgfsys-pdftex.def 2009/05/22  (rcs-revision 1.26)

(/usr/share/texmf/tex/generic/pgf/systemlayer/pgfsys-common-pdf.def
File: pgfsys-common-pdf.def 2008/05/19  (rcs-revision 1.10)
)))
(/usr/share/texmf/tex/generic/pgf/systemlayer/pgfsyssoftpath.code.tex
File: pgfsyssoftpath.code.tex 2008/07/18  (rcs-revision 1.7)
\pgfsyssoftpath@smallbuffer@items=\count104
\pgfsyssoftpath@bigbuffer@items=\count105
)
(/usr/share/texmf/tex/generic/pgf/systemlayer/pgfsysprotocol.code.tex
File: pgfsysprotocol.code.tex 2006/10/16  (rcs-revision 1.4)
))
(/usr/share/texmf/tex/latex/xcolor/xcolor.sty
Package: xcolor 2007/01/21 v2.11 LaTeX color extensions (UK)

(/usr/share/texlive/texmf-dist/tex/latex/latexconfig/color.cfg
File: color.cfg 2007/01/18 v1.5 color configuration of teTeX/TeXLive
)
Package xcolor Info: Driver file: pdftex.def on input line 225.
Package xcolor Info: Model `cmy' substituted by `cmy0' on input line 1337.
Package xcolor Info: Model `hsb' substituted by `rgb' on input line 1341.
Package xcolor Info: Model `RGB' extended on input line 1353.
Package xcolor Info: Model `HTML' substituted by `rgb' on input line 1355.
Package xcolor Info: Model `Hsb' substituted by `hsb' on input line 1356.
Package xcolor Info: Model `tHsb' substituted by `hsb' on input line 1357.
Package xcolor Info: Model `HSB' substituted by `hsb' on input line 1358.
Package xcolor Info: Model `Gray' substituted by `gray' on input line 1359.
Package xcolor Info: Model `wave' substituted by `hsb' on input line 1360.
)
(/usr/share/texmf/tex/generic/pgf/basiclayer/pgfcore.code.tex
Package: pgfcore 2010/04/11 v2.10 (rcs-revision 1.7)

(/usr/share/texmf/tex/generic/pgf/math/pgfmath.code.tex
(/usr/share/texmf/tex/generic/pgf/math/pgfmathcalc.code.tex
(/usr/share/texmf/tex/generic/pgf/math/pgfmathutil.code.tex)
(/usr/share/texmf/tex/generic/pgf/math/pgfmathparser.code.tex
\pgfmath@dimen=\dimen122
\pgfmath@count=\count106
\pgfmath@box=\box29
\pgfmath@toks=\toks26
\pgfmath@stack@operand=\toks27
\pgfmath@stack@operation=\toks28
)
(/usr/share/texmf/tex/generic/pgf/math/pgfmathfunctions.code.tex
(/usr/share/texmf/tex/generic/pgf/math/pgfmathfunctions.basic.code.tex)
(/usr/share/texmf/tex/generic/pgf/math/pgfmathfunctions.trigonometric.code.tex)
(/usr/share/texmf/tex/generic/pgf/math/pgfmathfunctions.random.code.tex)
(/usr/share/texmf/tex/generic/pgf/math/pgfmathfunctions.comparison.code.tex)
(/usr/share/texmf/tex/generic/pgf/math/pgfmathfunctions.base.code.tex)
(/usr/share/texmf/tex/generic/pgf/math/pgfmathfunctions.round.code.tex)
(/usr/share/texmf/tex/generic/pgf/math/pgfmathfunctions.misc.code.tex)))
(/usr/share/texmf/tex/generic/pgf/math/pgfmathfloat.code.tex
\c@pgfmathroundto@lastzeros=\count107
))
(/usr/share/texmf/tex/generic/pgf/basiclayer/pgfcorepoints.code.tex
File: pgfcorepoints.code.tex 2010/04/09  (rcs-revision 1.20)
\pgf@picminx=\dimen123
\pgf@picmaxx=\dimen124
\pgf@picminy=\dimen125
\pgf@picmaxy=\dimen126
\pgf@pathminx=\dimen127
\pgf@pathmaxx=\dimen128
\pgf@pathminy=\dimen129
\pgf@pathmaxy=\dimen130
\pgf@xx=\dimen131
\pgf@xy=\dimen132
\pgf@yx=\dimen133
\pgf@yy=\dimen134
\pgf@zx=\dimen135
\pgf@zy=\dimen136
)
(/usr/share/texmf/tex/generic/pgf/basiclayer/pgfcorepathconstruct.code.tex
File: pgfcorepathconstruct.code.tex 2010/08/03  (rcs-revision 1.24)
\pgf@path@lastx=\dimen137
\pgf@path@lasty=\dimen138
)
(/usr/share/texmf/tex/generic/pgf/basiclayer/pgfcorepathusage.code.tex
File: pgfcorepathusage.code.tex 2008/04/22  (rcs-revision 1.12)
\pgf@shorten@end@additional=\dimen139
\pgf@shorten@start@additional=\dimen140
)
(/usr/share/texmf/tex/generic/pgf/basiclayer/pgfcorescopes.code.tex
File: pgfcorescopes.code.tex 2010/09/08  (rcs-revision 1.34)
\pgfpic=\box30
\pgf@hbox=\box31
\pgf@layerbox@main=\box32
\pgf@picture@serial@count=\count108
)
(/usr/share/texmf/tex/generic/pgf/basiclayer/pgfcoregraphicstate.code.tex
File: pgfcoregraphicstate.code.tex 2008/04/22  (rcs-revision 1.9)
\pgflinewidth=\dimen141
)
(/usr/share/texmf/tex/generic/pgf/basiclayer/pgfcoretransformations.code.tex
File: pgfcoretransformations.code.tex 2009/06/10  (rcs-revision 1.11)
\pgf@pt@x=\dimen142
\pgf@pt@y=\dimen143
\pgf@pt@temp=\dimen144
)
(/usr/share/texmf/tex/generic/pgf/basiclayer/pgfcorequick.code.tex
File: pgfcorequick.code.tex 2008/10/09  (rcs-revision 1.3)
)
(/usr/share/texmf/tex/generic/pgf/basiclayer/pgfcoreobjects.code.tex
File: pgfcoreobjects.code.tex 2006/10/11  (rcs-revision 1.2)
)
(/usr/share/texmf/tex/generic/pgf/basiclayer/pgfcorepathprocessing.code.tex
File: pgfcorepathprocessing.code.tex 2008/10/09  (rcs-revision 1.8)
)
(/usr/share/texmf/tex/generic/pgf/basiclayer/pgfcorearrows.code.tex
File: pgfcorearrows.code.tex 2008/04/23  (rcs-revision 1.11)
)
(/usr/share/texmf/tex/generic/pgf/basiclayer/pgfcoreshade.code.tex
File: pgfcoreshade.code.tex 2008/11/23  (rcs-revision 1.13)
\pgf@max=\dimen145
\pgf@sys@shading@range@num=\count109
)
(/usr/share/texmf/tex/generic/pgf/basiclayer/pgfcoreimage.code.tex
File: pgfcoreimage.code.tex 2010/03/25  (rcs-revision 1.16)

(/usr/share/texmf/tex/generic/pgf/basiclayer/pgfcoreexternal.code.tex
File: pgfcoreexternal.code.tex 2010/09/01  (rcs-revision 1.17)
\pgfexternal@startupbox=\box33
))
(/usr/share/texmf/tex/generic/pgf/basiclayer/pgfcorelayers.code.tex
File: pgfcorelayers.code.tex 2010/08/27  (rcs-revision 1.2)
)
(/usr/share/texmf/tex/generic/pgf/basiclayer/pgfcoretransparency.code.tex
File: pgfcoretransparency.code.tex 2008/01/17  (rcs-revision 1.2)
)
(/usr/share/texmf/tex/generic/pgf/basiclayer/pgfcorepatterns.code.tex
File: pgfcorepatterns.code.tex 2009/07/02  (rcs-revision 1.3)
)))
(/usr/share/texmf/tex/generic/pgf/modules/pgfmoduleshapes.code.tex
File: pgfmoduleshapes.code.tex 2010/09/09  (rcs-revision 1.13)
\pgfnodeparttextbox=\box34
)
(/usr/share/texmf/tex/generic/pgf/modules/pgfmoduleplot.code.tex
File: pgfmoduleplot.code.tex 2010/10/22  (rcs-revision 1.8)
)
(/usr/share/texmf/tex/latex/pgf/compatibility/pgfcomp-version-0-65.sty
Package: pgfcomp-version-0-65 2007/07/03 v2.10 (rcs-revision 1.7)
\pgf@nodesepstart=\dimen146
\pgf@nodesepend=\dimen147
)
(/usr/share/texmf/tex/latex/pgf/compatibility/pgfcomp-version-1-18.sty
Package: pgfcomp-version-1-18 2007/07/23 v2.10 (rcs-revision 1.1)
))
(/usr/share/texmf/tex/latex/pgf/utilities/pgffor.sty
(/usr/share/texmf/tex/latex/pgf/utilities/pgfkeys.sty
(/usr/share/texmf/tex/generic/pgf/utilities/pgfkeys.code.tex))
(/usr/share/texmf/tex/generic/pgf/utilities/pgffor.code.tex
Package: pgffor 2010/03/23 v2.10 (rcs-revision 1.18)
\pgffor@iter=\dimen148
\pgffor@skip=\dimen149
\pgffor@stack=\toks29
\pgffor@toks=\toks30
))
(/usr/share/texmf/tex/generic/pgf/frontendlayer/tikz/tikz.code.tex
Package: tikz 2010/10/13 v2.10 (rcs-revision 1.76)

(/usr/share/texmf/tex/generic/pgf/libraries/pgflibraryplothandlers.code.tex
File: pgflibraryplothandlers.code.tex 2010/05/31 v2.10 (rcs-revision 1.15)
\pgf@plot@mark@count=\count110
\pgfplotmarksize=\dimen150
)
\tikz@lastx=\dimen151
\tikz@lasty=\dimen152
\tikz@lastxsaved=\dimen153
\tikz@lastysaved=\dimen154
\tikzleveldistance=\dimen155
\tikzsiblingdistance=\dimen156
\tikz@figbox=\box35
\tikz@tempbox=\box36
\tikztreelevel=\count111
\tikznumberofchildren=\count112
\tikznumberofcurrentchild=\count113
\tikz@fig@count=\count114

(/usr/share/texmf/tex/generic/pgf/modules/pgfmodulematrix.code.tex
File: pgfmodulematrix.code.tex 2010/08/24  (rcs-revision 1.4)
\pgfmatrixcurrentrow=\count115
\pgfmatrixcurrentcolumn=\count116
\pgf@matrix@numberofcolumns=\count117
)
\tikz@expandcount=\count118

(/usr/share/texmf/tex/generic/pgf/frontendlayer/tikz/libraries/tikzlibrarytopat
hs.code.tex
File: tikzlibrarytopaths.code.tex 2008/06/17 v2.10 (rcs-revision 1.2)
))) (/usr/share/texlive/texmf-dist/tex/latex/amscls/amsthm.sty
Package: amsthm 2009/07/02 v2.20.1
\thm@style=\toks31
\thm@bodyfont=\toks32
\thm@headfont=\toks33
\thm@notefont=\toks34
\thm@headpunct=\toks35
\thm@preskip=\skip46
\thm@postskip=\skip47
\thm@headsep=\skip48
\dth@everypar=\toks36
)
(/usr/share/texlive/texmf-dist/tex/generic/ulem/ulem.sty
\UL@box=\box37
\UL@hyphenbox=\box38
\UL@skip=\skip49
\UL@hook=\toks37
\UL@height=\dimen157
\UL@pe=\count119
\UL@pixel=\dimen158
\ULC@box=\box39
Package: ulem 2012/05/18
\ULdepth=\dimen159
)
(/usr/share/texlive/texmf-dist/tex/latex/fancyhdr/fancyhdr.sty
\fancy@headwidth=\skip50
\f@ncyO@elh=\skip51
\f@ncyO@erh=\skip52
\f@ncyO@olh=\skip53
\f@ncyO@orh=\skip54
\f@ncyO@elf=\skip55
\f@ncyO@erf=\skip56
\f@ncyO@olf=\skip57
\f@ncyO@orf=\skip58
)
(/usr/share/texlive/texmf-dist/tex/latex/psnfss/helvet.sty
Package: helvet 2005/04/12 PSNFSS-v9.2a (WaS) 
)
(/usr/share/texlive/texmf-dist/tex/latex/enumitem/enumitem.sty
Package: enumitem 2011/09/28 v3.5.2 Customized lists
\labelindent=\skip59
\enit@outerparindent=\dimen160
\enit@toks=\toks38
\enit@inbox=\box40
\enitdp@description=\count120
)
(/usr/share/texlive/texmf-dist/tex/latex/parskip/parskip.sty
Package: parskip 2001/04/09 non-zero parskip adjustments
)
(/usr/share/texlive/texmf-dist/tex/latex/geometry/geometry.sty
Package: geometry 2010/09/12 v5.6 Page Geometry

(/usr/share/texlive/texmf-dist/tex/generic/oberdiek/ifpdf.sty
Package: ifpdf 2011/01/30 v2.3 Provides the ifpdf switch (HO)
Package ifpdf Info: pdfTeX in PDF mode is detected.
)
(/usr/share/texlive/texmf-dist/tex/generic/oberdiek/ifvtex.sty
Package: ifvtex 2010/03/01 v1.5 Detect VTeX and its facilities (HO)
Package ifvtex Info: VTeX not detected.
)
(/usr/share/texlive/texmf-dist/tex/generic/ifxetex/ifxetex.sty
Package: ifxetex 2010/09/12 v0.6 Provides ifxetex conditional
)
\Gm@cnth=\count121
\Gm@cntv=\count122
\c@Gm@tempcnt=\count123
\Gm@bindingoffset=\dimen161
\Gm@wd@mp=\dimen162
\Gm@odd@mp=\dimen163
\Gm@even@mp=\dimen164
\Gm@layoutwidth=\dimen165
\Gm@layoutheight=\dimen166
\Gm@layouthoffset=\dimen167
\Gm@layoutvoffset=\dimen168
\Gm@dimlist=\toks39
)

LaTeX Warning: Unused global option(s):
    [18pt].

(./dim2_Lektion1.aux)
\openout1 = `dim2_Lektion1.aux'.

LaTeX Font Info:    Checking defaults for OML/cmm/m/it on input line 70.
LaTeX Font Info:    ... okay on input line 70.
LaTeX Font Info:    Checking defaults for T1/cmr/m/n on input line 70.
LaTeX Font Info:    ... okay on input line 70.
LaTeX Font Info:    Checking defaults for OT1/cmr/m/n on input line 70.
LaTeX Font Info:    ... okay on input line 70.
LaTeX Font Info:    Checking defaults for OMS/cmsy/m/n on input line 70.
LaTeX Font Info:    ... okay on input line 70.
LaTeX Font Info:    Checking defaults for OMX/cmex/m/n on input line 70.
LaTeX Font Info:    ... okay on input line 70.
LaTeX Font Info:    Checking defaults for U/cmr/m/n on input line 70.
LaTeX Font Info:    ... okay on input line 70.
 ABD: EveryShipout initializing macros
(/usr/share/texlive/texmf-dist/tex/context/base/supp-pdf.mkii
[Loading MPS to PDF converter (version 2006.09.02).]
\scratchcounter=\count124
\scratchdimen=\dimen169
\scratchbox=\box41
\nofMPsegments=\count125
\nofMParguments=\count126
\everyMPshowfont=\toks40
\MPscratchCnt=\count127
\MPscratchDim=\dimen170
\MPnumerator=\count128
\makeMPintoPDFobject=\count129
\everyMPtoPDFconversion=\toks41
) (/usr/share/texlive/texmf-dist/tex/generic/oberdiek/pdftexcmds.sty
Package: pdftexcmds 2011/11/29 v0.20 Utility functions of pdfTeX for LuaTeX (HO
)

(/usr/share/texlive/texmf-dist/tex/generic/oberdiek/ifluatex.sty
Package: ifluatex 2010/03/01 v1.3 Provides the ifluatex switch (HO)
Package ifluatex Info: LuaTeX not detected.
)
Package pdftexcmds Info: LuaTeX not detected.
Package pdftexcmds Info: \pdf@primitive is available.
Package pdftexcmds Info: \pdf@ifprimitive is available.
Package pdftexcmds Info: \pdfdraftmode found.
)
(/usr/share/texlive/texmf-dist/tex/latex/oberdiek/epstopdf-base.sty
Package: epstopdf-base 2010/02/09 v2.5 Base part for package epstopdf

(/usr/share/texlive/texmf-dist/tex/latex/oberdiek/grfext.sty
Package: grfext 2010/08/19 v1.1 Manage graphics extensions (HO)

(/usr/share/texlive/texmf-dist/tex/generic/oberdiek/kvdefinekeys.sty
Package: kvdefinekeys 2011/04/07 v1.3 Define keys (HO)
))
(/usr/share/texlive/texmf-dist/tex/latex/oberdiek/kvoptions.sty
Package: kvoptions 2011/06/30 v3.11 Key value format for package options (HO)

(/usr/share/texlive/texmf-dist/tex/generic/oberdiek/kvsetkeys.sty
Package: kvsetkeys 2012/04/25 v1.16 Key value parser (HO)

(/usr/share/texlive/texmf-dist/tex/generic/oberdiek/etexcmds.sty
Package: etexcmds 2011/02/16 v1.5 Avoid name clashes with e-TeX commands (HO)
Package etexcmds Info: Could not find \expanded.
(etexcmds)             That can mean that you are not using pdfTeX 1.50 or
(etexcmds)             that some package has redefined \expanded.
(etexcmds)             In the latter case, load this package earlier.
)))
Package grfext Info: Graphics extension search list:
(grfext)             [.png,.pdf,.jpg,.mps,.jpeg,.jbig2,.jb2,.PNG,.PDF,.JPG,.JPE
G,.JBIG2,.JB2,.eps]
(grfext)             \AppendGraphicsExtensions on input line 452.

(/usr/share/texlive/texmf-dist/tex/latex/latexconfig/epstopdf-sys.cfg
File: epstopdf-sys.cfg 2010/07/13 v1.3 Configuration of (r)epstopdf for TeX Liv
e
))
*geometry* driver: auto-detecting
*geometry* detected driver: pdftex
*geometry* verbose mode - [ preamble ] result:
* driver: pdftex
* paper: a4paper
* layout: <same size as paper>
* layoutoffset:(h,v)=(0.0pt,0.0pt)
* modes: 
* h-part:(L,W,R)=(89.62709pt, 418.25368pt, 89.6271pt)
* v-part:(T,H,B)=(56.9055pt, 686.7347pt, 101.40665pt)
* \paperwidth=597.50787pt
* \paperheight=845.04684pt
* \textwidth=483.69684pt
* \textheight=686.7347pt
* \oddsidemargin=-14.22636pt
* \evensidemargin=17.3571pt
* \topmargin=-52.36449pt
* \headheight=12.0pt
* \headsep=25.0pt
* \topskip=10.0pt
* \footskip=30.0pt
* \marginparwidth=57.0pt
* \marginparsep=11.0pt
* \columnsep=10.0pt
* \skip\footins=9.0pt plus 4.0pt minus 2.0pt
* \hoffset=0.0pt
* \voffset=0.0pt
* \mag=1000
* \@twocolumnfalse
* \@twosidefalse
* \@mparswitchfalse
* \@reversemarginfalse
* (1in=72.27pt=25.4mm, 1cm=28.453pt)

LaTeX Font Info:    Try loading font information for U+msa on input line 73.
(/usr/share/texlive/texmf-dist/tex/latex/amsfonts/umsa.fd
File: umsa.fd 2009/06/22 v3.00 AMS symbols A
)
LaTeX Font Info:    Try loading font information for U+msb on input line 73.

(/usr/share/texlive/texmf-dist/tex/latex/amsfonts/umsb.fd
File: umsb.fd 2009/06/22 v3.00 AMS symbols B
)

LaTeX Warning: No \author given.

[1

{/var/lib/texmf/fonts/map/pdftex/updmap/pdftex.map}] (./dim2_Lektion1.toc)
\tf@toc=\write4
\openout4 = `dim2_Lektion1.toc'.


[2]
Underfull \hbox (badness 10000) in paragraph at lines 92--134

 []


Underfull \hbox (badness 10000) in paragraph at lines 92--134

 []


Underfull \hbox (badness 10000) in paragraph at lines 92--134

 []


Underfull \hbox (badness 10000) in paragraph at lines 92--134

 []


Underfull \hbox (badness 10000) in paragraph at lines 92--134

 []


Underfull \hbox (badness 10000) in paragraph at lines 92--134

 []


Underfull \hbox (badness 10000) in paragraph at lines 92--134

 []


Underfull \hbox (badness 10000) in paragraph at lines 92--134

 []


Underfull \hbox (badness 10000) in paragraph at lines 92--134

 []


Underfull \hbox (badness 10000) in paragraph at lines 92--134

 []


Underfull \hbox (badness 10000) in paragraph at lines 92--134

 []


Underfull \hbox (badness 10000) in paragraph at lines 92--134

 []


Underfull \hbox (badness 10000) in paragraph at lines 92--134

 []


Underfull \hbox (badness 10000) in paragraph at lines 92--134

 []


Underfull \hbox (badness 10000) in paragraph at lines 92--134

 []


Underfull \hbox (badness 10000) in paragraph at lines 92--134

 []


Underfull \hbox (badness 10000) in paragraph at lines 92--134

 []


Underfull \hbox (badness 10000) in paragraph at lines 92--134

 []


Underfull \hbox (badness 10000) in paragraph at lines 92--134

 []


Underfull \hbox (badness 10000) in paragraph at lines 145--249

 []


Underfull \hbox (badness 10000) in paragraph at lines 145--249

 []


Underfull \hbox (badness 10000) in paragraph at lines 145--249

 []


Underfull \hbox (badness 10000) in paragraph at lines 145--249

 []


Underfull \hbox (badness 10000) in paragraph at lines 145--249

 []


Underfull \hbox (badness 10000) in paragraph at lines 145--249

 []


Underfull \hbox (badness 10000) in paragraph at lines 145--249

 []


Underfull \hbox (badness 10000) in paragraph at lines 145--249

 []


Underfull \hbox (badness 10000) in paragraph at lines 145--249

 []


Underfull \hbox (badness 10000) in paragraph at lines 145--249

 []


Underfull \hbox (badness 10000) in paragraph at lines 145--249

 []


Underfull \hbox (badness 10000) in paragraph at lines 145--249

 []


Underfull \hbox (badness 10000) in paragraph at lines 145--249

 []


Underfull \hbox (badness 10000) in paragraph at lines 145--249

 []


Underfull \hbox (badness 10000) in paragraph at lines 145--249

 []


Underfull \hbox (badness 10000) in paragraph at lines 145--249

 []


Underfull \hbox (badness 10000) in paragraph at lines 145--249

 []


Underfull \hbox (badness 10000) in paragraph at lines 145--249

 []


Underfull \hbox (badness 10000) in paragraph at lines 145--249

 []


Underfull \hbox (badness 10000) in paragraph at lines 145--249

 []


Underfull \hbox (badness 10000) in paragraph at lines 145--249

 []


Underfull \hbox (badness 10000) in paragraph at lines 145--249

 []


Underfull \hbox (badness 10000) in paragraph at lines 145--249

 []


Underfull \hbox (badness 10000) in paragraph at lines 145--249

 []


Underfull \hbox (badness 10000) in paragraph at lines 145--249

 []


Underfull \hbox (badness 10000) in paragraph at lines 145--249

 []


Underfull \hbox (badness 10000) in paragraph at lines 145--249

 []


Underfull \hbox (badness 10000) in paragraph at lines 145--249

 []


Underfull \hbox (badness 10000) in paragraph at lines 145--249

 []


Underfull \hbox (badness 10000) in paragraph at lines 145--249

 []


Underfull \hbox (badness 10000) in paragraph at lines 145--249

 []


Underfull \hbox (badness 10000) in paragraph at lines 145--249

 []


Underfull \hbox (badness 10000) in paragraph at lines 145--249

 []


Underfull \hbox (badness 10000) in paragraph at lines 145--249

 []


Underfull \hbox (badness 10000) in paragraph at lines 145--249

 []


Underfull \hbox (badness 10000) in paragraph at lines 145--249

 []


Underfull \hbox (badness 10000) in paragraph at lines 145--249

 []


Underfull \hbox (badness 10000) in paragraph at lines 145--249

 []


Underfull \hbox (badness 10000) in paragraph at lines 145--249

 []


Underfull \hbox (badness 10000) in paragraph at lines 145--249

 []


Underfull \hbox (badness 10000) in paragraph at lines 145--249

 []


Underfull \hbox (badness 10000) in paragraph at lines 145--249

 []


Underfull \hbox (badness 10000) in paragraph at lines 145--249

 []


Underfull \hbox (badness 10000) in paragraph at lines 145--249

 []


Underfull \hbox (badness 10000) in paragraph at lines 145--249

 []

[1] [2]
Underfull \hbox (badness 10000) in paragraph at lines 255--292

 []


Underfull \hbox (badness 10000) in paragraph at lines 255--292

 []


Underfull \hbox (badness 10000) in paragraph at lines 255--292

 []


Underfull \hbox (badness 10000) in paragraph at lines 255--292

 []


Underfull \hbox (badness 10000) in paragraph at lines 255--292

 []


Underfull \hbox (badness 10000) in paragraph at lines 255--292

 []


Underfull \hbox (badness 10000) in paragraph at lines 255--292

 []


Underfull \hbox (badness 10000) in paragraph at lines 255--292

 []


Underfull \hbox (badness 10000) in paragraph at lines 255--292

 []


Underfull \hbox (badness 10000) in paragraph at lines 255--292

 []


Underfull \hbox (badness 10000) in paragraph at lines 255--292

 []


Underfull \hbox (badness 10000) in paragraph at lines 255--292

 []


Underfull \hbox (badness 10000) in paragraph at lines 255--292

 []


Underfull \hbox (badness 10000) in paragraph at lines 255--292

 []


Underfull \hbox (badness 10000) in paragraph at lines 255--292

 []


Underfull \hbox (badness 10000) in paragraph at lines 255--292

 []


Underfull \hbox (badness 10000) in paragraph at lines 255--292

 []


Underfull \hbox (badness 10000) in paragraph at lines 255--292

 []


Underfull \hbox (badness 10000) in paragraph at lines 255--292

 []


Underfull \hbox (badness 10000) in paragraph at lines 255--292

 []


Underfull \hbox (badness 10000) in paragraph at lines 255--292

 []


Underfull \hbox (badness 10000) in paragraph at lines 255--292

 []

[3]
Underfull \hbox (badness 10000) in paragraph at lines 298--317

 []


Underfull \hbox (badness 10000) in paragraph at lines 298--317

 []


Underfull \hbox (badness 10000) in paragraph at lines 298--317

 []


Underfull \hbox (badness 10000) in paragraph at lines 298--317

 []


Underfull \hbox (badness 10000) in paragraph at lines 298--317

 []


Underfull \hbox (badness 10000) in paragraph at lines 298--317

 []


Underfull \hbox (badness 10000) in paragraph at lines 298--317

 []


Underfull \hbox (badness 10000) in paragraph at lines 298--317

 []


Underfull \hbox (badness 10000) in paragraph at lines 298--317

 []


Underfull \hbox (badness 10000) in paragraph at lines 298--317

 []


Underfull \hbox (badness 10000) in paragraph at lines 298--317

 []


Underfull \hbox (badness 10000) in paragraph at lines 318--410

 []


Underfull \hbox (badness 10000) in paragraph at lines 318--410

 []


Underfull \hbox (badness 10000) in paragraph at lines 318--410

 []


Underfull \hbox (badness 10000) in paragraph at lines 318--410

 []


Underfull \hbox (badness 10000) in paragraph at lines 318--410

 []


Underfull \hbox (badness 10000) in paragraph at lines 318--410

 []


Underfull \hbox (badness 10000) in paragraph at lines 318--410

 []


Underfull \hbox (badness 10000) in paragraph at lines 318--410

 []


Underfull \hbox (badness 10000) in paragraph at lines 318--410

 []


Underfull \hbox (badness 10000) in paragraph at lines 318--410

 []


Underfull \hbox (badness 10000) in paragraph at lines 318--410

 []


Underfull \hbox (badness 10000) in paragraph at lines 318--410

 []


Underfull \hbox (badness 10000) in paragraph at lines 318--410

 []


Underfull \hbox (badness 10000) in paragraph at lines 318--410

 []


Underfull \hbox (badness 10000) in paragraph at lines 318--410

 []


Underfull \hbox (badness 10000) in paragraph at lines 318--410

 []


Underfull \hbox (badness 10000) in paragraph at lines 318--410

 []


Underfull \hbox (badness 10000) in paragraph at lines 318--410

 []


Underfull \hbox (badness 10000) in paragraph at lines 318--410

 []


Underfull \hbox (badness 10000) in paragraph at lines 318--410

 []


Underfull \hbox (badness 10000) in paragraph at lines 318--410

 []


Underfull \hbox (badness 10000) in paragraph at lines 318--410

 []


Underfull \hbox (badness 10000) in paragraph at lines 318--410

 []


Underfull \hbox (badness 10000) in paragraph at lines 318--410

 []


Underfull \hbox (badness 10000) in paragraph at lines 318--410

 []


Underfull \hbox (badness 10000) in paragraph at lines 318--410

 []


Underfull \hbox (badness 10000) in paragraph at lines 318--410

 []


Underfull \hbox (badness 10000) in paragraph at lines 318--410

 []


Underfull \hbox (badness 10000) in paragraph at lines 318--410

 []


Underfull \hbox (badness 10000) in paragraph at lines 318--410

 []


Underfull \hbox (badness 10000) in paragraph at lines 318--410

 []


Underfull \hbox (badness 10000) in paragraph at lines 318--410

 []


Underfull \hbox (badness 10000) in paragraph at lines 318--410

 []


Underfull \hbox (badness 10000) in paragraph at lines 318--410

 []


Underfull \hbox (badness 10000) in paragraph at lines 318--410

 []


Underfull \hbox (badness 10000) in paragraph at lines 318--410

 []


Underfull \hbox (badness 10000) in paragraph at lines 318--410

 []


Underfull \hbox (badness 10000) in paragraph at lines 318--410

 []


Underfull \hbox (badness 10000) in paragraph at lines 318--410

 []


Underfull \hbox (badness 10000) in paragraph at lines 318--410

 []


Underfull \hbox (badness 10000) in paragraph at lines 318--410

 []


Underfull \hbox (badness 10000) in paragraph at lines 318--410

 []


Underfull \hbox (badness 10000) in paragraph at lines 318--410

 []


Underfull \hbox (badness 10000) in paragraph at lines 318--410

 []


Underfull \hbox (badness 10000) in paragraph at lines 318--410

 []

[4] [5]
Underfull \hbox (badness 10000) in paragraph at lines 415--505

 []


Underfull \hbox (badness 10000) in paragraph at lines 415--505

 []


Underfull \hbox (badness 10000) in paragraph at lines 415--505

 []


Underfull \hbox (badness 10000) in paragraph at lines 415--505

 []


Underfull \hbox (badness 10000) in paragraph at lines 415--505

 []


Underfull \hbox (badness 10000) in paragraph at lines 415--505

 []


Underfull \hbox (badness 10000) in paragraph at lines 415--505

 []


Underfull \hbox (badness 10000) in paragraph at lines 415--505

 []


Underfull \hbox (badness 10000) in paragraph at lines 415--505

 []


Underfull \hbox (badness 10000) in paragraph at lines 415--505

 []


Underfull \hbox (badness 10000) in paragraph at lines 415--505

 []


Underfull \hbox (badness 10000) in paragraph at lines 415--505

 []


Underfull \hbox (badness 10000) in paragraph at lines 415--505

 []


Underfull \hbox (badness 10000) in paragraph at lines 415--505

 []


Underfull \hbox (badness 10000) in paragraph at lines 415--505

 []


Underfull \hbox (badness 10000) in paragraph at lines 415--505

 []


Underfull \hbox (badness 10000) in paragraph at lines 415--505

 []


Underfull \hbox (badness 10000) in paragraph at lines 415--505

 []


Underfull \hbox (badness 10000) in paragraph at lines 415--505

 []


Underfull \hbox (badness 10000) in paragraph at lines 415--505

 []


Underfull \hbox (badness 10000) in paragraph at lines 415--505

 []


Underfull \hbox (badness 10000) in paragraph at lines 415--505

 []


Underfull \hbox (badness 10000) in paragraph at lines 415--505

 []


Underfull \hbox (badness 10000) in paragraph at lines 415--505

 []


Underfull \hbox (badness 10000) in paragraph at lines 415--505

 []


Underfull \hbox (badness 10000) in paragraph at lines 415--505

 []


Underfull \hbox (badness 10000) in paragraph at lines 415--505

 []


Underfull \hbox (badness 10000) in paragraph at lines 415--505

 []


Underfull \hbox (badness 10000) in paragraph at lines 415--505

 []


Underfull \hbox (badness 10000) in paragraph at lines 415--505

 []


Underfull \hbox (badness 10000) in paragraph at lines 415--505

 []


Underfull \hbox (badness 10000) in paragraph at lines 415--505

 []


Underfull \hbox (badness 10000) in paragraph at lines 415--505

 []


Underfull \hbox (badness 10000) in paragraph at lines 415--505

 []


Underfull \hbox (badness 10000) in paragraph at lines 415--505

 []


Underfull \hbox (badness 10000) in paragraph at lines 415--505

 []


Underfull \hbox (badness 10000) in paragraph at lines 415--505

 []


Underfull \hbox (badness 10000) in paragraph at lines 415--505

 []


Underfull \hbox (badness 10000) in paragraph at lines 415--505

 []


Underfull \hbox (badness 10000) in paragraph at lines 415--505

 []


Underfull \hbox (badness 10000) in paragraph at lines 415--505

 []


Underfull \hbox (badness 10000) in paragraph at lines 415--505

 []


Underfull \hbox (badness 10000) in paragraph at lines 415--505

 []


Underfull \hbox (badness 10000) in paragraph at lines 415--505

 []

[6] [7]
Underfull \hbox (badness 10000) in paragraph at lines 510--558

 []


Underfull \hbox (badness 10000) in paragraph at lines 510--558

 []


Underfull \hbox (badness 10000) in paragraph at lines 510--558

 []


Underfull \hbox (badness 10000) in paragraph at lines 510--558

 []


Underfull \hbox (badness 10000) in paragraph at lines 510--558

 []


Underfull \hbox (badness 10000) in paragraph at lines 510--558

 []


Underfull \hbox (badness 10000) in paragraph at lines 510--558

 []


Underfull \hbox (badness 10000) in paragraph at lines 510--558

 []


Underfull \hbox (badness 10000) in paragraph at lines 510--558

 []


Underfull \hbox (badness 10000) in paragraph at lines 510--558

 []


Underfull \hbox (badness 10000) in paragraph at lines 510--558

 []


Underfull \hbox (badness 10000) in paragraph at lines 510--558

 []


Underfull \hbox (badness 10000) in paragraph at lines 510--558

 []


Underfull \hbox (badness 10000) in paragraph at lines 510--558

 []


Underfull \hbox (badness 10000) in paragraph at lines 510--558

 []


Underfull \hbox (badness 10000) in paragraph at lines 510--558

 []


Underfull \hbox (badness 10000) in paragraph at lines 510--558

 []


Underfull \hbox (badness 10000) in paragraph at lines 510--558

 []


Underfull \hbox (badness 10000) in paragraph at lines 510--558

 []


Underfull \hbox (badness 10000) in paragraph at lines 510--558

 []


Underfull \hbox (badness 10000) in paragraph at lines 510--558

 []


Underfull \hbox (badness 10000) in paragraph at lines 510--558

 []


Underfull \hbox (badness 10000) in paragraph at lines 510--558

 []


Underfull \hbox (badness 10000) in paragraph at lines 510--558

 []

[8]
Underfull \hbox (badness 10000) in paragraph at lines 561--613

 []


Underfull \hbox (badness 10000) in paragraph at lines 561--613

 []


Underfull \hbox (badness 10000) in paragraph at lines 561--613

 []


Underfull \hbox (badness 10000) in paragraph at lines 561--613

 []


Underfull \hbox (badness 10000) in paragraph at lines 561--613

 []


Underfull \hbox (badness 10000) in paragraph at lines 561--613

 []


Underfull \hbox (badness 10000) in paragraph at lines 561--613

 []


Underfull \hbox (badness 10000) in paragraph at lines 561--613

 []


Underfull \hbox (badness 10000) in paragraph at lines 561--613

 []


Underfull \hbox (badness 10000) in paragraph at lines 561--613

 []


Underfull \hbox (badness 10000) in paragraph at lines 561--613

 []


Underfull \hbox (badness 10000) in paragraph at lines 561--613

 []


Underfull \hbox (badness 10000) in paragraph at lines 561--613

 []


Underfull \hbox (badness 10000) in paragraph at lines 561--613

 []


Underfull \hbox (badness 10000) in paragraph at lines 561--613

 []


Underfull \hbox (badness 10000) in paragraph at lines 561--613

 []


Underfull \hbox (badness 10000) in paragraph at lines 561--613

 []


Underfull \hbox (badness 10000) in paragraph at lines 561--613

 []


Underfull \hbox (badness 10000) in paragraph at lines 561--613

 []


Underfull \hbox (badness 10000) in paragraph at lines 561--613

 []


Underfull \hbox (badness 10000) in paragraph at lines 561--613

 []


Underfull \hbox (badness 10000) in paragraph at lines 561--613

 []


Underfull \hbox (badness 10000) in paragraph at lines 561--613

 []


Underfull \hbox (badness 10000) in paragraph at lines 561--613

 []


Underfull \hbox (badness 10000) in paragraph at lines 561--613

 []


Underfull \hbox (badness 10000) in paragraph at lines 561--613

 []


Underfull \hbox (badness 10000) in paragraph at lines 561--613

 []


Underfull \hbox (badness 10000) in paragraph at lines 561--613

 []

[9]
Underfull \hbox (badness 10000) in paragraph at lines 618--639

 []


Underfull \hbox (badness 10000) in paragraph at lines 618--639

 []


Underfull \hbox (badness 10000) in paragraph at lines 618--639

 []


Underfull \hbox (badness 10000) in paragraph at lines 618--639

 []


Underfull \hbox (badness 10000) in paragraph at lines 618--639

 []


Underfull \hbox (badness 10000) in paragraph at lines 618--639

 []


Underfull \hbox (badness 10000) in paragraph at lines 618--639

 []


Underfull \hbox (badness 10000) in paragraph at lines 618--639

 []


Underfull \hbox (badness 10000) in paragraph at lines 618--639

 []


Underfull \hbox (badness 10000) in paragraph at lines 618--639

 []


Underfull \hbox (badness 10000) in paragraph at lines 642--756

 []


Underfull \hbox (badness 10000) in paragraph at lines 642--756

 []


Underfull \hbox (badness 10000) in paragraph at lines 642--756

 []


Underfull \hbox (badness 10000) in paragraph at lines 642--756

 []


Underfull \hbox (badness 10000) in paragraph at lines 642--756

 []


Underfull \hbox (badness 10000) in paragraph at lines 642--756

 []


Underfull \hbox (badness 10000) in paragraph at lines 642--756

 []


Underfull \hbox (badness 10000) in paragraph at lines 642--756

 []


Underfull \hbox (badness 10000) in paragraph at lines 642--756

 []


Underfull \hbox (badness 10000) in paragraph at lines 642--756

 []


Underfull \hbox (badness 10000) in paragraph at lines 642--756

 []


Underfull \hbox (badness 10000) in paragraph at lines 642--756

 []


Underfull \hbox (badness 10000) in paragraph at lines 642--756

 []


Underfull \hbox (badness 10000) in paragraph at lines 642--756

 []


Underfull \hbox (badness 10000) in paragraph at lines 642--756

 []


Underfull \hbox (badness 10000) in paragraph at lines 642--756

 []


Underfull \hbox (badness 10000) in paragraph at lines 642--756

 []


Underfull \hbox (badness 10000) in paragraph at lines 642--756

 []


Underfull \hbox (badness 10000) in paragraph at lines 642--756

 []


Underfull \hbox (badness 10000) in paragraph at lines 642--756

 []


Underfull \hbox (badness 10000) in paragraph at lines 642--756

 []


Underfull \hbox (badness 10000) in paragraph at lines 642--756

 []


Underfull \hbox (badness 10000) in paragraph at lines 642--756

 []


Underfull \hbox (badness 10000) in paragraph at lines 642--756

 []


Underfull \hbox (badness 10000) in paragraph at lines 642--756

 []


Underfull \hbox (badness 10000) in paragraph at lines 642--756

 []


Underfull \hbox (badness 10000) in paragraph at lines 642--756

 []


Underfull \hbox (badness 10000) in paragraph at lines 642--756

 []


Underfull \hbox (badness 10000) in paragraph at lines 642--756

 []


Underfull \hbox (badness 10000) in paragraph at lines 642--756

 []


Underfull \hbox (badness 10000) in paragraph at lines 642--756

 []


Underfull \hbox (badness 10000) in paragraph at lines 642--756

 []


Underfull \hbox (badness 10000) in paragraph at lines 642--756

 []


Underfull \hbox (badness 10000) in paragraph at lines 642--756

 []


Underfull \hbox (badness 10000) in paragraph at lines 642--756

 []


Underfull \hbox (badness 10000) in paragraph at lines 642--756

 []


Underfull \hbox (badness 10000) in paragraph at lines 642--756

 []


Underfull \hbox (badness 10000) in paragraph at lines 642--756

 []


Underfull \hbox (badness 10000) in paragraph at lines 642--756

 []


Underfull \hbox (badness 10000) in paragraph at lines 642--756

 []


Underfull \hbox (badness 10000) in paragraph at lines 642--756

 []


Underfull \hbox (badness 10000) in paragraph at lines 642--756

 []


Underfull \hbox (badness 10000) in paragraph at lines 642--756

 []


Underfull \hbox (badness 10000) in paragraph at lines 642--756

 []


Underfull \hbox (badness 10000) in paragraph at lines 642--756

 []


Underfull \hbox (badness 10000) in paragraph at lines 642--756

 []


Underfull \hbox (badness 10000) in paragraph at lines 642--756

 []


Underfull \hbox (badness 10000) in paragraph at lines 642--756

 []


Underfull \hbox (badness 10000) in paragraph at lines 642--756

 []

[10] [11]
Underfull \hbox (badness 10000) in paragraph at lines 761--844

 []


Underfull \hbox (badness 10000) in paragraph at lines 761--844

 []


Underfull \hbox (badness 10000) in paragraph at lines 761--844

 []


Underfull \hbox (badness 10000) in paragraph at lines 761--844

 []


Underfull \hbox (badness 10000) in paragraph at lines 761--844

 []


Underfull \hbox (badness 10000) in paragraph at lines 761--844

 []


Underfull \hbox (badness 10000) in paragraph at lines 761--844

 []


Underfull \hbox (badness 10000) in paragraph at lines 761--844

 []


Underfull \hbox (badness 10000) in paragraph at lines 761--844

 []


Underfull \hbox (badness 10000) in paragraph at lines 761--844

 []


Underfull \hbox (badness 10000) in paragraph at lines 761--844

 []


Underfull \hbox (badness 10000) in paragraph at lines 761--844

 []


Underfull \hbox (badness 10000) in paragraph at lines 761--844

 []


Underfull \hbox (badness 10000) in paragraph at lines 761--844

 []


Underfull \hbox (badness 10000) in paragraph at lines 761--844

 []


Underfull \hbox (badness 10000) in paragraph at lines 761--844

 []


Underfull \hbox (badness 10000) in paragraph at lines 761--844

 []


Underfull \hbox (badness 10000) in paragraph at lines 761--844

 []


Underfull \hbox (badness 10000) in paragraph at lines 761--844

 []


Underfull \hbox (badness 10000) in paragraph at lines 761--844

 []


Underfull \hbox (badness 10000) in paragraph at lines 761--844

 []


Underfull \hbox (badness 10000) in paragraph at lines 761--844

 []


Underfull \hbox (badness 10000) in paragraph at lines 761--844

 []


Underfull \hbox (badness 10000) in paragraph at lines 761--844

 []


Underfull \hbox (badness 10000) in paragraph at lines 761--844

 []


Underfull \hbox (badness 10000) in paragraph at lines 761--844

 []


Underfull \hbox (badness 10000) in paragraph at lines 761--844

 []


Underfull \hbox (badness 10000) in paragraph at lines 761--844

 []


Underfull \hbox (badness 10000) in paragraph at lines 761--844

 []


Underfull \hbox (badness 10000) in paragraph at lines 761--844

 []


Underfull \hbox (badness 10000) in paragraph at lines 761--844

 []


Underfull \hbox (badness 10000) in paragraph at lines 761--844

 []


Underfull \hbox (badness 10000) in paragraph at lines 761--844

 []


Underfull \hbox (badness 10000) in paragraph at lines 761--844

 []


Underfull \hbox (badness 10000) in paragraph at lines 761--844

 []


Underfull \hbox (badness 10000) in paragraph at lines 761--844

 []


Underfull \hbox (badness 10000) in paragraph at lines 761--844

 []


Underfull \hbox (badness 10000) in paragraph at lines 761--844

 []


Underfull \hbox (badness 10000) in paragraph at lines 761--844

 []


Underfull \hbox (badness 10000) in paragraph at lines 761--844

 []


Underfull \hbox (badness 10000) in paragraph at lines 761--844

 []


Underfull \hbox (badness 10000) in paragraph at lines 761--844

 []

[12] [13] [14] (./dim2_Lektion1.aux) ) 
Here is how much of TeX's memory you used:
 11926 strings out of 495059
 212853 string characters out of 3182029
 274816 words of memory out of 3000000
 14836 multiletter control sequences out of 15000+200000
 11962 words of font info for 47 fonts, out of 3000000 for 9000
 14 hyphenation exceptions out of 8191
 56i,14n,55p,455b,456s stack positions out of 5000i,500n,10000p,200000b,50000s
</usr/share/texlive/texmf-dist/fonts/type
1/public/amsfonts/cm/cmbx10.pfb></usr/share/texlive/texmf-dist/fonts/type1/publ
ic/amsfonts/cm/cmbx12.pfb></usr/share/texlive/texmf-dist/fonts/type1/public/ams
fonts/cm/cmex10.pfb></usr/share/texlive/texmf-dist/fonts/type1/public/amsfonts/
cmextra/cmex7.pfb></usr/share/texlive/texmf-dist/fonts/type1/public/amsfonts/cm
/cmmi10.pfb></usr/share/texlive/texmf-dist/fonts/type1/public/amsfonts/cm/cmmi5
.pfb></usr/share/texlive/texmf-dist/fonts/type1/public/amsfonts/cm/cmmi7.pfb></
usr/share/texlive/texmf-dist/fonts/type1/public/amsfonts/cm/cmr10.pfb></usr/sha
re/texlive/texmf-dist/fonts/type1/public/amsfonts/cm/cmr12.pfb></usr/share/texl
ive/texmf-dist/fonts/type1/public/amsfonts/cm/cmr17.pfb></usr/share/texlive/tex
mf-dist/fonts/type1/public/amsfonts/cm/cmr5.pfb></usr/share/texlive/texmf-dist/
fonts/type1/public/amsfonts/cm/cmr7.pfb></usr/share/texlive/texmf-dist/fonts/ty
pe1/public/amsfonts/cm/cmsy10.pfb></usr/share/texlive/texmf-dist/fonts/type1/pu
blic/amsfonts/cm/cmsy7.pfb></usr/share/texlive/texmf-dist/fonts/type1/public/am
sfonts/symbols/msam10.pfb></usr/share/texlive/texmf-dist/fonts/type1/public/ams
fonts/symbols/msam7.pfb></usr/share/texlive/texmf-dist/fonts/type1/public/amsfo
nts/symbols/msbm10.pfb>
Output written on dim2_Lektion1.pdf (16 pages, 198545 bytes).
PDF statistics:
 127 PDF objects out of 1000 (max. 8388607)
 91 compressed objects within 1 object stream
 0 named destinations out of 1000 (max. 500000)
 13 words of extra memory for PDF output out of 10000 (max. 10000000)

